11:11:11 INFO  : Processing command line option -hwspec C:/Users/pc/Desktop/lab2_t2/lab2.sdk/system_wrapper.hdf.
11:11:16 INFO  : Launching XSDB server: xsdb.bat -s C:/Xilinx/SDK/2014.4/scripts/xsdb/xsdb/xsdb-server.tcl 2450
11:12:29 INFO  : BSP Project P/standalone_bsp_0 has been successfully migrated.
11:20:15 INFO  : FPGA configured successfully with bitstream "C:/Users/pc/Desktop/lab2_t2/lab2.sdk/system_wrapper_hw_platform_0/system_wrapper.bit"
12:01:44 INFO  : FPGA configured successfully with bitstream "C:/Users/pc/Desktop/lab2_t2/lab2.sdk/system_wrapper_hw_platform_0/system_wrapper.bit"
12:02:25 INFO  : ps7_init is completed.
12:02:25 INFO  : ps7_post_config is completed.
12:02:25 INFO  : Processor reset is completed for ps7_cortexa9_0
12:08:00 INFO  : FPGA configured successfully with bitstream "C:/Users/pc/Desktop/lab2_t2/lab2.sdk/system_wrapper_hw_platform_0/system_wrapper.bit"
12:08:18 INFO  : ps7_init is completed.
12:08:18 INFO  : ps7_post_config is completed.
12:08:18 INFO  : Processor reset is completed for ps7_cortexa9_0
12:10:14 INFO  : FPGA configured successfully with bitstream "C:/Users/pc/Desktop/lab2_t2/lab2.sdk/system_wrapper_hw_platform_0/system_wrapper.bit"
12:10:33 INFO  : ps7_init is completed.
12:10:33 INFO  : ps7_post_config is completed.
12:10:33 INFO  : Processor reset is completed for ps7_cortexa9_0
12:13:01 INFO  : FPGA configured successfully with bitstream "C:/Users/pc/Desktop/lab2_t2/lab2.sdk/system_wrapper_hw_platform_0/system_wrapper.bit"
12:13:21 INFO  : ps7_init is completed.
12:13:21 INFO  : ps7_post_config is completed.
12:13:21 INFO  : Processor reset is completed for ps7_cortexa9_0
12:19:03 INFO  : FPGA configured successfully with bitstream "C:/Users/pc/Desktop/lab2_t2/lab2.sdk/system_wrapper_hw_platform_0/system_wrapper.bit"
12:19:17 INFO  : ps7_init is completed.
12:19:17 INFO  : ps7_post_config is completed.
12:19:17 INFO  : Processor reset is completed for ps7_cortexa9_0
12:20:42 INFO  : FPGA configured successfully with bitstream "C:/Users/pc/Desktop/lab2_t2/lab2.sdk/system_wrapper_hw_platform_0/system_wrapper.bit"
12:20:55 INFO  : ps7_init is completed.
12:20:55 INFO  : ps7_post_config is completed.
12:20:55 INFO  : Processor reset is completed for ps7_cortexa9_0
12:23:32 INFO  : FPGA configured successfully with bitstream "C:/Users/pc/Desktop/lab2_t2/lab2.sdk/system_wrapper_hw_platform_0/system_wrapper.bit"
12:23:52 INFO  : ps7_init is completed.
12:23:52 INFO  : ps7_post_config is completed.
12:23:52 INFO  : Processor reset is completed for ps7_cortexa9_0
12:39:55 INFO  : FPGA configured successfully with bitstream "C:/Users/pc/Desktop/lab2_t2/lab2.sdk/system_wrapper_hw_platform_0/system_wrapper.bit"
12:40:32 INFO  : ps7_init is completed.
12:40:32 INFO  : ps7_post_config is completed.
12:40:32 INFO  : Processor reset is completed for ps7_cortexa9_0
12:49:57 ERROR : Unexpected error while parsing XMD response ?: com.google.gson.JsonSyntaxException: com.google.gson.stream.MalformedJsonException: invalid number or unquoted string near 
16:24:02 INFO  : Processing command line option -hwspec C:/Users/pc/Desktop/lab2_t2/lab2.sdk/system_wrapper.hdf.
16:24:06 INFO  : Launching XSDB server: xsdb.bat -s C:/Xilinx/SDK/2014.4/scripts/xsdb/xsdb/xsdb-server.tcl 2450
16:24:06 INFO  : Checking for hwspec changes in the project system_wrapper_hw_platform_0.
16:25:36 INFO  : FPGA configured successfully with bitstream "C:/Users/pc/Desktop/lab2_t2/lab2.sdk/system_wrapper_hw_platform_0/system_wrapper.bit"
16:26:30 INFO  : ps7_init is completed.
16:26:30 INFO  : ps7_post_config is completed.
16:26:30 INFO  : Processor reset is completed for ps7_cortexa9_0
16:38:20 INFO  : FPGA configured successfully with bitstream "C:/Users/pc/Desktop/lab2_t2/lab2.sdk/system_wrapper_hw_platform_0/system_wrapper.bit"
16:38:56 INFO  : ps7_init is completed.
16:38:56 INFO  : ps7_post_config is completed.
16:38:57 INFO  : Processor reset is completed for ps7_cortexa9_0
16:41:59 INFO  : FPGA configured successfully with bitstream "C:/Users/pc/Desktop/lab2_t2/lab2.sdk/system_wrapper_hw_platform_0/system_wrapper.bit"
16:43:32 INFO  : ps7_init is completed.
16:43:32 INFO  : ps7_post_config is completed.
16:43:33 INFO  : Processor reset is completed for ps7_cortexa9_0
16:46:03 INFO  : FPGA configured successfully with bitstream "C:/Users/pc/Desktop/lab2_t2/lab2.sdk/system_wrapper_hw_platform_0/system_wrapper.bit"
16:46:31 INFO  : ps7_init is completed.
16:46:31 INFO  : ps7_post_config is completed.
16:46:31 INFO  : Processor reset is completed for ps7_cortexa9_0
16:48:04 INFO  : FPGA configured successfully with bitstream "C:/Users/pc/Desktop/lab2_t2/lab2.sdk/system_wrapper_hw_platform_0/system_wrapper.bit"
16:48:20 INFO  : ps7_init is completed.
16:48:20 INFO  : ps7_post_config is completed.
16:48:21 INFO  : Processor reset is completed for ps7_cortexa9_0
16:50:09 INFO  : FPGA configured successfully with bitstream "C:/Users/pc/Desktop/lab2_t2/lab2.sdk/system_wrapper_hw_platform_0/system_wrapper.bit"
16:50:35 INFO  : ps7_init is completed.
16:50:35 INFO  : ps7_post_config is completed.
16:50:35 INFO  : Processor reset is completed for ps7_cortexa9_0
16:51:49 INFO  : FPGA configured successfully with bitstream "C:/Users/pc/Desktop/lab2_t2/lab2.sdk/system_wrapper_hw_platform_0/system_wrapper.bit"
16:52:20 INFO  : ps7_init is completed.
16:52:20 INFO  : ps7_post_config is completed.
16:52:21 INFO  : Processor reset is completed for ps7_cortexa9_0
17:05:09 INFO  : FPGA configured successfully with bitstream "C:/Users/pc/Desktop/lab2_t2/lab2.sdk/system_wrapper_hw_platform_0/system_wrapper.bit"
17:05:41 INFO  : ps7_init is completed.
17:05:41 INFO  : ps7_post_config is completed.
17:05:41 INFO  : Processor reset is completed for ps7_cortexa9_0
17:07:33 INFO  : FPGA configured successfully with bitstream "C:/Users/pc/Desktop/lab2_t2/lab2.sdk/system_wrapper_hw_platform_0/system_wrapper.bit"
17:08:30 INFO  : ps7_init is completed.
17:08:30 INFO  : ps7_post_config is completed.
17:08:30 INFO  : Processor reset is completed for ps7_cortexa9_0
17:10:09 INFO  : FPGA configured successfully with bitstream "C:/Users/pc/Desktop/lab2_t2/lab2.sdk/system_wrapper_hw_platform_0/system_wrapper.bit"
17:10:32 INFO  : ps7_init is completed.
17:10:32 INFO  : ps7_post_config is completed.
17:10:32 INFO  : Processor reset is completed for ps7_cortexa9_0
17:12:07 INFO  : FPGA configured successfully with bitstream "C:/Users/pc/Desktop/lab2_t2/lab2.sdk/system_wrapper_hw_platform_0/system_wrapper.bit"
17:12:19 INFO  : ps7_init is completed.
17:12:19 INFO  : ps7_post_config is completed.
17:12:19 INFO  : Processor reset is completed for ps7_cortexa9_0
17:13:45 INFO  : FPGA configured successfully with bitstream "C:/Users/pc/Desktop/lab2_t2/lab2.sdk/system_wrapper_hw_platform_0/system_wrapper.bit"
17:14:09 INFO  : ps7_init is completed.
17:14:09 INFO  : ps7_post_config is completed.
17:14:09 INFO  : Processor reset is completed for ps7_cortexa9_0
17:16:41 INFO  : FPGA configured successfully with bitstream "C:/Users/pc/Desktop/lab2_t2/lab2.sdk/system_wrapper_hw_platform_0/system_wrapper.bit"
17:17:08 INFO  : ps7_init is completed.
17:17:08 INFO  : ps7_post_config is completed.
17:17:09 INFO  : Processor reset is completed for ps7_cortexa9_0
17:20:04 INFO  : FPGA configured successfully with bitstream "C:/Users/pc/Desktop/lab2_t2/lab2.sdk/system_wrapper_hw_platform_0/system_wrapper.bit"
17:21:06 INFO  : FPGA configured successfully with bitstream "C:/Users/pc/Desktop/lab2_t2/lab2.sdk/system_wrapper_hw_platform_0/system_wrapper.bit"
17:22:09 INFO  : ps7_init is completed.
17:22:09 INFO  : ps7_post_config is completed.
17:22:09 INFO  : Processor reset is completed for ps7_cortexa9_0
17:24:21 INFO  : FPGA configured successfully with bitstream "C:/Users/pc/Desktop/lab2_t2/lab2.sdk/system_wrapper_hw_platform_0/system_wrapper.bit"
17:24:37 INFO  : ps7_init is completed.
17:24:37 INFO  : ps7_post_config is completed.
17:24:37 INFO  : Processor reset is completed for ps7_cortexa9_0
17:25:40 INFO  : FPGA configured successfully with bitstream "C:/Users/pc/Desktop/lab2_t2/lab2.sdk/system_wrapper_hw_platform_0/system_wrapper.bit"
17:25:52 INFO  : ps7_init is completed.
17:25:52 INFO  : ps7_post_config is completed.
17:25:53 INFO  : Processor reset is completed for ps7_cortexa9_0
17:27:07 INFO  : FPGA configured successfully with bitstream "C:/Users/pc/Desktop/lab2_t2/lab2.sdk/system_wrapper_hw_platform_0/system_wrapper.bit"
17:27:20 INFO  : ps7_init is completed.
17:27:20 INFO  : ps7_post_config is completed.
17:27:20 INFO  : Processor reset is completed for ps7_cortexa9_0
17:28:36 INFO  : FPGA configured successfully with bitstream "C:/Users/pc/Desktop/lab2_t2/lab2.sdk/system_wrapper_hw_platform_0/system_wrapper.bit"
17:28:51 INFO  : ps7_init is completed.
17:28:51 INFO  : ps7_post_config is completed.
17:28:51 INFO  : Processor reset is completed for ps7_cortexa9_0
17:31:15 INFO  : FPGA configured successfully with bitstream "C:/Users/pc/Desktop/lab2_t2/lab2.sdk/system_wrapper_hw_platform_0/system_wrapper.bit"
17:31:28 INFO  : ps7_init is completed.
17:31:28 INFO  : ps7_post_config is completed.
17:31:28 INFO  : Processor reset is completed for ps7_cortexa9_0
17:33:15 INFO  : FPGA configured successfully with bitstream "C:/Users/pc/Desktop/lab2_t2/lab2.sdk/system_wrapper_hw_platform_0/system_wrapper.bit"
17:35:06 INFO  : ps7_init is completed.
17:35:06 INFO  : ps7_post_config is completed.
17:35:07 INFO  : Processor reset is completed for ps7_cortexa9_0
18:00:27 INFO  : FPGA configured successfully with bitstream "C:/Users/pc/Desktop/lab2_t2/lab2.sdk/system_wrapper_hw_platform_0/system_wrapper.bit"
18:01:33 INFO  : ps7_init is completed.
18:01:34 INFO  : ps7_post_config is completed.
18:01:36 INFO  : Processor reset is completed for ps7_cortexa9_0
18:02:21 ERROR : FPGA Configuration failed.Connection to Board Failed


    Unknown Error Occured
    Cable is not connected to the host

18:02:59 INFO  : FPGA configured successfully with bitstream "C:/Users/pc/Desktop/lab2_t2/lab2.sdk/system_wrapper_hw_platform_0/system_wrapper.bit"
18:03:58 INFO  : ps7_init is completed.
18:03:58 INFO  : ps7_post_config is completed.
18:03:59 INFO  : Processor reset is completed for ps7_cortexa9_0
18:04:05 INFO  : ps7_cortexa9_0 Processor is in use. Please stop existing Run or Debug sessions before launching.
18:04:09 INFO  : Processor reset is completed for ps7_cortexa9_0
18:05:39 INFO  : FPGA configured successfully with bitstream "C:/Users/pc/Desktop/lab2_t2/lab2.sdk/system_wrapper_hw_platform_0/system_wrapper.bit"
18:06:28 INFO  : ps7_init is completed.
18:06:28 INFO  : ps7_post_config is completed.
18:06:28 INFO  : Processor reset is completed for ps7_cortexa9_0
18:08:13 INFO  : FPGA configured successfully with bitstream "C:/Users/pc/Desktop/lab2_t2/lab2.sdk/system_wrapper_hw_platform_0/system_wrapper.bit"
18:08:25 INFO  : ps7_init is completed.
18:08:25 INFO  : ps7_post_config is completed.
18:08:25 INFO  : Processor reset is completed for ps7_cortexa9_0
18:09:18 INFO  : FPGA configured successfully with bitstream "C:/Users/pc/Desktop/lab2_t2/lab2.sdk/system_wrapper_hw_platform_0/system_wrapper.bit"
18:09:32 INFO  : ps7_init is completed.
18:09:32 INFO  : ps7_post_config is completed.
18:09:32 INFO  : Processor reset is completed for ps7_cortexa9_0
18:17:58 INFO  : FPGA configured successfully with bitstream "C:/Users/pc/Desktop/lab2_t2/lab2.sdk/system_wrapper_hw_platform_0/system_wrapper.bit"
18:18:36 INFO  : ps7_init is completed.
18:18:37 INFO  : ps7_post_config is completed.
18:18:37 INFO  : Processor reset is completed for ps7_cortexa9_0
18:22:27 INFO  : FPGA configured successfully with bitstream "C:/Users/pc/Desktop/lab2_t2/lab2.sdk/system_wrapper_hw_platform_0/system_wrapper.bit"
18:23:25 INFO  : ps7_init is completed.
18:23:25 INFO  : ps7_post_config is completed.
18:23:25 INFO  : Processor reset is completed for ps7_cortexa9_0
18:25:59 INFO  : FPGA configured successfully with bitstream "C:/Users/pc/Desktop/lab2_t2/lab2.sdk/system_wrapper_hw_platform_0/system_wrapper.bit"
18:26:30 INFO  : ps7_init is completed.
18:26:30 INFO  : ps7_post_config is completed.
18:26:31 INFO  : Processor reset is completed for ps7_cortexa9_0
18:29:22 INFO  : FPGA configured successfully with bitstream "C:/Users/pc/Desktop/lab2_t2/lab2.sdk/system_wrapper_hw_platform_0/system_wrapper.bit"
18:29:48 INFO  : ps7_init is completed.
18:29:49 INFO  : ps7_post_config is completed.
18:29:49 INFO  : Processor reset is completed for ps7_cortexa9_0
18:32:39 INFO  : FPGA configured successfully with bitstream "C:/Users/pc/Desktop/lab2_t2/lab2.sdk/system_wrapper_hw_platform_0/system_wrapper.bit"
18:33:14 INFO  : ps7_init is completed.
18:33:15 INFO  : ps7_post_config is completed.
18:33:15 INFO  : Processor reset is completed for ps7_cortexa9_0
18:34:36 ERROR : FPGA Configuration failed.Connection to Board Failed


    Unknown Error Occured
    Cable is not connected to the host

18:35:33 INFO  : FPGA configured successfully with bitstream "C:/Users/pc/Desktop/lab2_t2/lab2.sdk/system_wrapper_hw_platform_0/system_wrapper.bit"
18:36:05 INFO  : ps7_init is completed.
18:36:05 INFO  : ps7_post_config is completed.
18:36:05 INFO  : Processor reset is completed for ps7_cortexa9_0
18:37:28 INFO  : FPGA configured successfully with bitstream "C:/Users/pc/Desktop/lab2_t2/lab2.sdk/system_wrapper_hw_platform_0/system_wrapper.bit"
18:37:54 INFO  : ps7_init is completed.
18:37:54 INFO  : ps7_post_config is completed.
18:37:54 INFO  : Processor reset is completed for ps7_cortexa9_0
18:39:49 INFO  : FPGA configured successfully with bitstream "C:/Users/pc/Desktop/lab2_t2/lab2.sdk/system_wrapper_hw_platform_0/system_wrapper.bit"
18:40:03 INFO  : ps7_init is completed.
18:40:03 INFO  : ps7_post_config is completed.
18:40:03 INFO  : Processor reset is completed for ps7_cortexa9_0
18:49:34 INFO  : FPGA configured successfully with bitstream "C:/Users/pc/Desktop/lab2_t2/lab2.sdk/system_wrapper_hw_platform_0/system_wrapper.bit"
18:50:07 INFO  : ps7_init is completed.
18:50:07 INFO  : ps7_post_config is completed.
18:50:07 INFO  : Processor reset is completed for ps7_cortexa9_0
18:51:43 ERROR : Unexpected error while parsing XMD response ?: com.google.gson.JsonSyntaxException: com.google.gson.stream.MalformedJsonException: invalid number or unquoted string near 
